This is pdfTeX, Version 3.141592653-2.6-1.40.25 (MiKTeX 23.5) (preloaded format=pdflatex 2023.8.19)  19 AUG 2023 18:21
entering extended mode
 restricted \write18 enabled.
 file:line:error style messages enabled.
 %&-line parsing enabled.
**/home/gk99/Documents/VSCode/MasterThesis/master-thesis/main.tex
(/home/gk99/Documents/VSCode/MasterThesis/master-thesis/main.tex
LaTeX2e <2023-06-01> patch level 1
L3 programming layer <2023-06-30>
(/home/gk99/.miktex/texmfs/install/tex/latex/base/report.cls
Document Class: report 2023/05/17 v1.4n Standard LaTeX document class
(/home/gk99/.miktex/texmfs/install/tex/latex/base/size10.clo
File: size10.clo 2023/05/17 v1.4n Standard LaTeX file (size option)
)
\c@part=\count185
\c@chapter=\count186
\c@section=\count187
\c@subsection=\count188
\c@subsubsection=\count189
\c@paragraph=\count190
\c@subparagraph=\count191
\c@figure=\count192
\c@table=\count193
\abovecaptionskip=\skip48
\belowcaptionskip=\skip49
\bibindent=\dimen140
) (config/preamble.sty (/home/gk99/.miktex/texmfs/install/tex/latex/geometry/geometry.sty
Package: geometry 2020/01/02 v5.9 Page Geometry
 (/home/gk99/.miktex/texmfs/install/tex/latex/graphics/keyval.sty
Package: keyval 2022/05/29 v1.15 key=value parser (DPC)
\KV@toks@=\toks17
) (/home/gk99/.miktex/texmfs/install/tex/generic/iftex/ifvtex.sty
Package: ifvtex 2019/10/25 v1.7 ifvtex legacy package. Use iftex instead.
 (/home/gk99/.miktex/texmfs/install/tex/generic/iftex/iftex.sty
Package: iftex 2022/02/03 v1.0f TeX engine tests
))
\Gm@cnth=\count194
\Gm@cntv=\count195
\c@Gm@tempcnt=\count196
\Gm@bindingoffset=\dimen141
\Gm@wd@mp=\dimen142
\Gm@odd@mp=\dimen143
\Gm@even@mp=\dimen144
\Gm@layoutwidth=\dimen145
\Gm@layoutheight=\dimen146
\Gm@layouthoffset=\dimen147
\Gm@layoutvoffset=\dimen148
\Gm@dimlist=\toks18
 (/home/gk99/.miktex/texmfs/install/tex/latex/geometry/geometry.cfg)) (/home/gk99/.miktex/texmfs/install/tex/latex/tools/indentfirst.sty
Package: indentfirst 1995/11/23 v1.03 Indent first paragraph (DPC)
) (/home/gk99/.miktex/texmfs/install/tex/latex/setspace/setspace.sty
Package: setspace 2022/12/04 v6.7b set line spacing
) (/home/gk99/.miktex/texmfs/install/tex/latex/base/fontenc.sty
Package: fontenc 2021/04/29 v2.0v Standard LaTeX package
) (/home/gk99/.miktex/texmfs/install/tex/latex/psnfss/helvet.sty
Package: helvet 2020/03/25 PSNFSS-v9.3 (WaS) 
) (/home/gk99/.miktex/texmfs/install/tex/latex/titlesec/titletoc.sty
Package: titletoc 2021/07/05 v2.14 TOC entries
\ttl@leftsep=\dimen149
) (/home/gk99/.miktex/texmfs/install/tex/latex/titlesec/titlesec.sty
Package: titlesec 2021/07/05 v2.14 Sectioning titles
\ttl@box=\box51
\beforetitleunit=\skip50
\aftertitleunit=\skip51
\ttl@plus=\dimen150
\ttl@minus=\dimen151
\ttl@toksa=\toks19
\titlewidth=\dimen152
\titlewidthlast=\dimen153
\titlewidthfirst=\dimen154
) (/home/gk99/.miktex/texmfs/install/tex/latex/hyperref/hyperref.sty
Package: hyperref 2023-07-08 v7.01b Hypertext links for LaTeX
 (/home/gk99/.miktex/texmfs/install/tex/generic/ltxcmds/ltxcmds.sty
Package: ltxcmds 2020-05-10 v1.25 LaTeX kernel commands for general use (HO)
) (/home/gk99/.miktex/texmfs/install/tex/generic/pdftexcmds/pdftexcmds.sty
Package: pdftexcmds 2020-06-27 v0.33 Utility functions of pdfTeX for LuaTeX (HO)
 (/home/gk99/.miktex/texmfs/install/tex/generic/infwarerr/infwarerr.sty
Package: infwarerr 2019/12/03 v1.5 Providing info/warning/error messages (HO)
)
Package pdftexcmds Info: \pdf@primitive is available.
Package pdftexcmds Info: \pdf@ifprimitive is available.
Package pdftexcmds Info: \pdfdraftmode found.
) (/home/gk99/.miktex/texmfs/install/tex/latex/kvsetkeys/kvsetkeys.sty
Package: kvsetkeys 2022-10-05 v1.19 Key value parser (HO)
) (/home/gk99/.miktex/texmfs/install/tex/generic/kvdefinekeys/kvdefinekeys.sty
Package: kvdefinekeys 2019-12-19 v1.6 Define keys (HO)
) (/home/gk99/.miktex/texmfs/install/tex/generic/pdfescape/pdfescape.sty
Package: pdfescape 2019/12/09 v1.15 Implements pdfTeX's escape features (HO)
) (/home/gk99/.miktex/texmfs/install/tex/latex/hycolor/hycolor.sty
Package: hycolor 2020-01-27 v1.10 Color options for hyperref/bookmark (HO)
) (/home/gk99/.miktex/texmfs/install/tex/latex/letltxmacro/letltxmacro.sty
Package: letltxmacro 2019/12/03 v1.6 Let assignment for LaTeX macros (HO)
) (/home/gk99/.miktex/texmfs/install/tex/latex/auxhook/auxhook.sty
Package: auxhook 2019-12-17 v1.6 Hooks for auxiliary files (HO)
) (/home/gk99/.miktex/texmfs/install/tex/latex/hyperref/nameref.sty
Package: nameref 2023-08-07 v2.53 Cross-referencing by name of section
 (/home/gk99/.miktex/texmfs/install/tex/latex/refcount/refcount.sty
Package: refcount 2019/12/15 v3.6 Data extraction from label references (HO)
) (/home/gk99/.miktex/texmfs/install/tex/generic/gettitlestring/gettitlestring.sty
Package: gettitlestring 2019/12/15 v1.6 Cleanup title references (HO)
 (/home/gk99/.miktex/texmfs/install/tex/latex/kvoptions/kvoptions.sty
Package: kvoptions 2022-06-15 v3.15 Key value format for package options (HO)
))
\c@section@level=\count197
) (/home/gk99/.miktex/texmfs/install/tex/latex/etoolbox/etoolbox.sty
Package: etoolbox 2020/10/05 v2.5k e-TeX tools for LaTeX (JAW)
\etb@tempcnta=\count198
)
\@linkdim=\dimen155
\Hy@linkcounter=\count199
\Hy@pagecounter=\count266
 (/home/gk99/.miktex/texmfs/install/tex/latex/hyperref/pd1enc.def
File: pd1enc.def 2023-07-08 v7.01b Hyperref: PDFDocEncoding definition (HO)
Now handling font encoding PD1 ...
... no UTF-8 mapping file for font encoding PD1
) (/home/gk99/.miktex/texmfs/install/tex/generic/intcalc/intcalc.sty
Package: intcalc 2019/12/15 v1.3 Expandable calculations with integers (HO)
)
\Hy@SavedSpaceFactor=\count267
 (/home/gk99/.miktex/texmfs/install/tex/latex/hyperref/puenc.def
File: puenc.def 2023-07-08 v7.01b Hyperref: PDF Unicode definition (HO)
Now handling font encoding PU ...
... no UTF-8 mapping file for font encoding PU
)
Package hyperref Info: Hyper figures OFF on input line 4167.
Package hyperref Info: Link nesting OFF on input line 4172.
Package hyperref Info: Hyper index ON on input line 4175.
Package hyperref Info: Plain pages OFF on input line 4182.
Package hyperref Info: Backreferencing OFF on input line 4187.
Package hyperref Info: Implicit mode ON; LaTeX internals redefined.
Package hyperref Info: Bookmarks ON on input line 4434.
\c@Hy@tempcnt=\count268
 (/home/gk99/.miktex/texmfs/install/tex/latex/url/url.sty
\Urlmuskip=\muskip16
Package: url 2013/09/16  ver 3.4  Verb mode for urls, etc.
)
LaTeX Info: Redefining \url on input line 4772.
\XeTeXLinkMargin=\dimen156
 (/home/gk99/.miktex/texmfs/install/tex/generic/bitset/bitset.sty
Package: bitset 2019/12/09 v1.3 Handle bit-vector datatype (HO)
 (/home/gk99/.miktex/texmfs/install/tex/generic/bigintcalc/bigintcalc.sty
Package: bigintcalc 2019/12/15 v1.5 Expandable calculations on big integers (HO)
))
\Fld@menulength=\count269
\Field@Width=\dimen157
\Fld@charsize=\dimen158
Package hyperref Info: Hyper figures OFF on input line 6051.
Package hyperref Info: Link nesting OFF on input line 6056.
Package hyperref Info: Hyper index ON on input line 6059.
Package hyperref Info: backreferencing OFF on input line 6066.
Package hyperref Info: Link coloring OFF on input line 6071.
Package hyperref Info: Link coloring with OCG OFF on input line 6076.
Package hyperref Info: PDF/A mode OFF on input line 6081.
 (/home/gk99/.miktex/texmfs/install/tex/latex/base/atbegshi-ltx.sty
Package: atbegshi-ltx 2021/01/10 v1.0c Emulation of the original atbegshi
package with kernel methods
)
\Hy@abspage=\count270
\c@Item=\count271
\c@Hfootnote=\count272
)
Package hyperref Info: Driver (autodetected): hpdftex.
 (/home/gk99/.miktex/texmfs/install/tex/latex/hyperref/hpdftex.def
File: hpdftex.def 2023-07-08 v7.01b Hyperref driver for pdfTeX
 (/home/gk99/.miktex/texmfs/install/tex/latex/base/atveryend-ltx.sty
Package: atveryend-ltx 2020/08/19 v1.0a Emulation of the original atveryend package
with kernel methods
)
\Fld@listcount=\count273
\c@bookmark@seq@number=\count274
 (/home/gk99/.miktex/texmfs/install/tex/latex/rerunfilecheck/rerunfilecheck.sty
Package: rerunfilecheck 2022-07-10 v1.10 Rerun checks for auxiliary files (HO)
 (/home/gk99/.miktex/texmfs/install/tex/generic/uniquecounter/uniquecounter.sty
Package: uniquecounter 2019/12/15 v1.4 Provide unlimited unique counter (HO)
)
Package uniquecounter Info: New unique counter `rerunfilecheck' on input line 285.
)
\Hy@SectionHShift=\skip52
) (/home/gk99/.miktex/texmfs/install/tex/latex/csquotes/csquotes.sty
Package: csquotes 2022-09-14 v5.2n context-sensitive quotations (JAW)
\csq@reset=\count275
\csq@gtype=\count276
\csq@glevel=\count277
\csq@qlevel=\count278
\csq@maxlvl=\count279
\csq@tshold=\count280
\csq@ltx@everypar=\toks20
 (/home/gk99/.miktex/texmfs/install/tex/latex/csquotes/csquotes.def
File: csquotes.def 2022-09-14 v5.2n csquotes generic definitions (JAW)
)
Package csquotes Info: Trying to load configuration file 'csquotes.cfg'...
Package csquotes Info: ... configuration file loaded successfully.
 (/home/gk99/.miktex/texmfs/install/tex/latex/csquotes/csquotes.cfg
File: csquotes.cfg 
)) (/home/gk99/.miktex/texmfs/install/tex/latex/biblatex/biblatex.sty
Package: biblatex 2023/03/05 v3.19 programmable bibliographies (PK/MW)
 (/home/gk99/.miktex/texmfs/install/tex/latex/logreq/logreq.sty
Package: logreq 2010/08/04 v1.0 xml request logger
\lrq@indent=\count281
 (/home/gk99/.miktex/texmfs/install/tex/latex/logreq/logreq.def
File: logreq.def 2010/08/04 v1.0 logreq spec v1.0
)) (/home/gk99/.miktex/texmfs/install/tex/latex/base/ifthen.sty
Package: ifthen 2022/04/13 v1.1d Standard LaTeX ifthen package (DPC)
)
\c@tabx@nest=\count282
\c@listtotal=\count283
\c@listcount=\count284
\c@liststart=\count285
\c@liststop=\count286
\c@citecount=\count287
\c@citetotal=\count288
\c@multicitecount=\count289
\c@multicitetotal=\count290
\c@instcount=\count291
\c@maxnames=\count292
\c@minnames=\count293
\c@maxitems=\count294
\c@minitems=\count295
\c@citecounter=\count296
\c@maxcitecounter=\count297
\c@savedcitecounter=\count298
\c@uniquelist=\count299
\c@uniquename=\count300
\c@refsection=\count301
\c@refsegment=\count302
\c@maxextratitle=\count303
\c@maxextratitleyear=\count304
\c@maxextraname=\count305
\c@maxextradate=\count306
\c@maxextraalpha=\count307
\c@abbrvpenalty=\count308
\c@highnamepenalty=\count309
\c@lownamepenalty=\count310
\c@maxparens=\count311
\c@parenlevel=\count312
\blx@tempcnta=\count313
\blx@tempcntb=\count314
\blx@tempcntc=\count315
\c@blx@maxsection=\count316
\blx@maxsegment@0=\count317
\blx@notetype=\count318
\blx@parenlevel@text=\count319
\blx@parenlevel@foot=\count320
\blx@sectionciteorder@0=\count321
\blx@sectionciteorderinternal@0=\count322
\blx@entrysetcounter=\count323
\blx@biblioinstance=\count324
\labelnumberwidth=\skip53
\labelalphawidth=\skip54
\biblabelsep=\skip55
\bibitemsep=\skip56
\bibnamesep=\skip57
\bibinitsep=\skip58
\bibparsep=\skip59
\bibhang=\skip60
\blx@bcfin=\read2
\blx@bcfout=\write3
\blx@langwohyphens=\language1
\c@mincomprange=\count325
\c@maxcomprange=\count326
\c@mincompwidth=\count327
Package biblatex Info: Trying to load biblatex default data model...
Package biblatex Info: ... file 'blx-dm.def' found.
 (/home/gk99/.miktex/texmfs/install/tex/latex/biblatex/blx-dm.def
File: blx-dm.def 2023/03/05 v3.19 biblatex localization (PK/MW)
)
Package biblatex Info: Trying to load biblatex custom data model...
Package biblatex Info: ... file 'biblatex-dm.cfg' not found.
\c@afterword=\count328
\c@savedafterword=\count329
\c@annotator=\count330
\c@savedannotator=\count331
\c@author=\count332
\c@savedauthor=\count333
\c@bookauthor=\count334
\c@savedbookauthor=\count335
\c@commentator=\count336
\c@savedcommentator=\count337
\c@editor=\count338
\c@savededitor=\count339
\c@editora=\count340
\c@savededitora=\count341
\c@editorb=\count342
\c@savededitorb=\count343
\c@editorc=\count344
\c@savededitorc=\count345
\c@foreword=\count346
\c@savedforeword=\count347
\c@holder=\count348
\c@savedholder=\count349
\c@introduction=\count350
\c@savedintroduction=\count351
\c@namea=\count352
\c@savednamea=\count353
\c@nameb=\count354
\c@savednameb=\count355
\c@namec=\count356
\c@savednamec=\count357
\c@translator=\count358
\c@savedtranslator=\count359
\c@shortauthor=\count360
\c@savedshortauthor=\count361
\c@shorteditor=\count362
\c@savedshorteditor=\count363
\c@labelname=\count364
\c@savedlabelname=\count365
\c@institution=\count366
\c@savedinstitution=\count367
\c@lista=\count368
\c@savedlista=\count369
\c@listb=\count370
\c@savedlistb=\count371
\c@listc=\count372
\c@savedlistc=\count373
\c@listd=\count374
\c@savedlistd=\count375
\c@liste=\count376
\c@savedliste=\count377
\c@listf=\count378
\c@savedlistf=\count379
\c@location=\count380
\c@savedlocation=\count381
\c@organization=\count382
\c@savedorganization=\count383
\c@origlocation=\count384
\c@savedoriglocation=\count385
\c@origpublisher=\count386
\c@savedorigpublisher=\count387
\c@publisher=\count388
\c@savedpublisher=\count389
\c@language=\count390
\c@savedlanguage=\count391
\c@origlanguage=\count392
\c@savedoriglanguage=\count393
\c@pageref=\count394
\c@savedpageref=\count395
\shorthandwidth=\skip61
\shortjournalwidth=\skip62
\shortserieswidth=\skip63
\shorttitlewidth=\skip64
\shortauthorwidth=\skip65
\shorteditorwidth=\skip66
\locallabelnumberwidth=\skip67
\locallabelalphawidth=\skip68
\localshorthandwidth=\skip69
\localshortjournalwidth=\skip70
\localshortserieswidth=\skip71
\localshorttitlewidth=\skip72
\localshortauthorwidth=\skip73
\localshorteditorwidth=\skip74
Package biblatex Info: Trying to load compatibility code...
Package biblatex Info: ... file 'blx-compat.def' found.
 (/home/gk99/.miktex/texmfs/install/tex/latex/biblatex/blx-compat.def
File: blx-compat.def 2023/03/05 v3.19 biblatex compatibility (PK/MW)
)
Package biblatex Info: Trying to load generic definitions...
Package biblatex Info: ... file 'biblatex.def' found.
 (/home/gk99/.miktex/texmfs/install/tex/latex/biblatex/biblatex.def
File: biblatex.def 2023/03/05 v3.19 biblatex compatibility (PK/MW)
\c@textcitecount=\count396
\c@textcitetotal=\count397
\c@textcitemaxnames=\count398
\c@biburlbigbreakpenalty=\count399
\c@biburlbreakpenalty=\count400
\c@biburlnumpenalty=\count401
\c@biburlucpenalty=\count402
\c@biburllcpenalty=\count403
\biburlbigskip=\muskip17
\biburlnumskip=\muskip18
\biburlucskip=\muskip19
\biburllcskip=\muskip20
\c@smartand=\count404
)
Package biblatex Info: Trying to load bibliography style 'numeric'...
Package biblatex Info: ... file 'numeric.bbx' found.
 (/home/gk99/.miktex/texmfs/install/tex/latex/biblatex/bbx/numeric.bbx
File: numeric.bbx 2023/03/05 v3.19 biblatex bibliography style (PK/MW)
Package biblatex Info: Trying to load bibliography style 'standard'...
Package biblatex Info: ... file 'standard.bbx' found.
 (/home/gk99/.miktex/texmfs/install/tex/latex/biblatex/bbx/standard.bbx
File: standard.bbx 2023/03/05 v3.19 biblatex bibliography style (PK/MW)
\c@bbx:relatedcount=\count405
\c@bbx:relatedtotal=\count406
))
Package biblatex Info: Trying to load citation style 'numeric'...
Package biblatex Info: ... file 'numeric.cbx' found.
 (/home/gk99/.miktex/texmfs/install/tex/latex/biblatex/cbx/numeric.cbx
File: numeric.cbx 2023/03/05 v3.19 biblatex citation style (PK/MW)
Package biblatex Info: Redefining '\cite'.
Package biblatex Info: Redefining '\parencite'.
Package biblatex Info: Redefining '\footcite'.
Package biblatex Info: Redefining '\footcitetext'.
Package biblatex Info: Redefining '\smartcite'.
Package biblatex Info: Redefining '\supercite'.
Package biblatex Info: Redefining '\textcite'.
Package biblatex Info: Redefining '\textcites'.
Package biblatex Info: Redefining '\cites'.
Package biblatex Info: Redefining '\parencites'.
Package biblatex Info: Redefining '\smartcites'.
)
Package biblatex Info: Trying to load configuration file...
Package biblatex Info: ... file 'biblatex.cfg' found.
 (/home/gk99/.miktex/texmfs/install/tex/latex/biblatex/biblatex.cfg
File: biblatex.cfg 
)
Package biblatex Info: Input encoding 'utf8' detected.
Package biblatex Info: Document encoding is UTF8 ....
 (/home/gk99/.miktex/texmfs/install/tex/latex/l3kernel/expl3.sty
Package: expl3 2023-06-30 L3 programming layer (loader) 
 (/home/gk99/.miktex/texmfs/install/tex/latex/l3backend/l3backend-pdftex.def
File: l3backend-pdftex.def 2023-04-19 L3 backend support: PDF output (pdfTeX)
\l__color_backend_stack_int=\count407
\l__pdf_internal_box=\box52
))
Package biblatex Info: ... and expl3
(biblatex)             2023-06-30 L3 programming layer (loader) 
(biblatex)             is new enough (at least 2020/04/06),
(biblatex)             setting 'casechanger=expl3'.
 (/home/gk99/.miktex/texmfs/install/tex/latex/biblatex/blx-case-expl3.sty (/home/gk99/.miktex/texmfs/install/tex/latex/l3packages/xparse/xparse.sty
Package: xparse 2023-02-02 L3 Experimental document command parser
)
Package: blx-case-expl3 2023/03/05 v3.19 expl3 case changing code for biblatex
)) (/home/gk99/.miktex/texmfs/install/tex/latex/graphics/graphicx.sty
Package: graphicx 2021/09/16 v1.2d Enhanced LaTeX Graphics (DPC,SPQR)
 (/home/gk99/.miktex/texmfs/install/tex/latex/graphics/graphics.sty
Package: graphics 2022/03/10 v1.4e Standard LaTeX Graphics (DPC,SPQR)
 (/home/gk99/.miktex/texmfs/install/tex/latex/graphics/trig.sty
Package: trig 2021/08/11 v1.11 sin cos tan (DPC)
) (/home/gk99/.miktex/texmfs/install/tex/latex/graphics-cfg/graphics.cfg
File: graphics.cfg 2016/06/04 v1.11 sample graphics configuration
)
Package graphics Info: Driver file: pdftex.def on input line 107.
 (/home/gk99/.miktex/texmfs/install/tex/latex/graphics-def/pdftex.def
File: pdftex.def 2022/09/22 v1.2b Graphics/color driver for pdftex
))
\Gin@req@height=\dimen159
\Gin@req@width=\dimen160
) (/home/gk99/.miktex/texmfs/install/tex/latex/pdfpages/pdfpages.sty
Package: pdfpages 2022/12/19 v0.5x Insert pages of external PDF documents (AM)
 (/home/gk99/.miktex/texmfs/install/tex/latex/tools/calc.sty
Package: calc 2017/05/25 v4.3 Infix arithmetic (KKT,FJ)
\calc@Acount=\count408
\calc@Bcount=\count409
\calc@Adimen=\dimen161
\calc@Bdimen=\dimen162
\calc@Askip=\skip75
\calc@Bskip=\skip76
LaTeX Info: Redefining \setlength on input line 80.
LaTeX Info: Redefining \addtolength on input line 81.
\calc@Ccount=\count410
\calc@Cskip=\skip77
) (/home/gk99/.miktex/texmfs/install/tex/latex/eso-pic/eso-pic.sty
Package: eso-pic 2023/05/03 v3.0c eso-pic (RN)
\ESO@tempdima=\dimen163
\ESO@tempdimb=\dimen164
 (/home/gk99/.miktex/texmfs/install/tex/latex/xcolor/xcolor.sty
Package: xcolor 2022/06/12 v2.14 LaTeX color extensions (UK)
 (/home/gk99/.miktex/texmfs/install/tex/latex/graphics-cfg/color.cfg
File: color.cfg 2016/01/02 v1.6 sample color configuration
)
Package xcolor Info: Driver file: pdftex.def on input line 227.
 (/home/gk99/.miktex/texmfs/install/tex/latex/graphics/mathcolor.ltx)
Package xcolor Info: Model `cmy' substituted by `cmy0' on input line 1353.
Package xcolor Info: Model `hsb' substituted by `rgb' on input line 1357.
Package xcolor Info: Model `RGB' extended on input line 1369.
Package xcolor Info: Model `HTML' substituted by `rgb' on input line 1371.
Package xcolor Info: Model `Hsb' substituted by `hsb' on input line 1372.
Package xcolor Info: Model `tHsb' substituted by `hsb' on input line 1373.
Package xcolor Info: Model `HSB' substituted by `hsb' on input line 1374.
Package xcolor Info: Model `Gray' substituted by `gray' on input line 1375.
Package xcolor Info: Model `wave' substituted by `hsb' on input line 1376.
))
\AM@pagewidth=\dimen165
\AM@pageheight=\dimen166
\AM@fboxrule=\dimen167
 (/home/gk99/.miktex/texmfs/install/tex/latex/pdfpages/pppdftex.def
File: pppdftex.def 2022/12/19 v0.5x Pdfpages driver for pdfTeX (AM)
)
\pdfpages@includegraphics@status=\count411
\AM@pagebox=\box53
\AM@global@opts=\toks21
\AM@pagecnt=\count412
\AM@toc@title=\toks22
\AM@lof@heading=\toks23
\c@AM@survey=\count413
\AM@templatesizebox=\box54
) (/home/gk99/.miktex/texmfs/install/tex/latex/float/float.sty
Package: float 2001/11/08 v1.3d Float enhancements (AL)
\c@float@type=\count414
\float@exts=\toks24
\float@box=\box55
\@float@everytoks=\toks25
\@floatcapt=\box56
) (/home/gk99/.miktex/texmfs/install/tex/latex/tabularray/tabularray.sty
Package: tabularray 2023-03-01 v2023A Typeset tabulars and arrays with LaTeX3
\l__tblr_a_int=\count415
\l__tblr_c_int=\count416
\l__tblr_r_int=\count417
\l__tblr_d_dim=\dimen168
\l__tblr_h_dim=\dimen169
\l__tblr_o_dim=\dimen170
\l__tblr_p_dim=\dimen171
\l__tblr_q_dim=\dimen172
\l__tblr_r_dim=\dimen173
\l__tblr_s_dim=\dimen174
\l__tblr_t_dim=\dimen175
\l__tblr_v_dim=\dimen176
\l__tblr_w_dim=\dimen177
\l__tblr_a_box=\box57
\l__tblr_b_box=\box58
\l__tblr_c_box=\box59
\l__tblr_d_box=\box60
\g__tblr_table_count_int=\count418
\c@rownum=\count419
\c@colnum=\count420
\c@rowcount=\count421
\c@colcount=\count422
\abovesep=\dimen178
\belowsep=\dimen179
\leftsep=\dimen180
\rightsep=\dimen181
\g_tblr_level_int=\count423
\g__tblr_data_row_key_count_int=\count424
\g__tblr_data_column_key_count_int=\count425
\g__tblr_data_cell_key_count_int=\count426
\g__tblr_array_int=\count427
\l__tblr_key_count_int=\count428
\l__tblr_key_quotient_int=\count429
\l__tblr_key_quotient_two_int=\count430
\l__tblr_key_remainder_int=\count431
\g__tblr_data_str_value_count_int=\count432
\rulewidth=\dimen182
\l__tblr_strut_dp_dim=\dimen183
\l__tblr_strut_ht_dim=\dimen184
\g__tblr_cell_wd_dim=\dimen185
\g__tblr_cell_ht_dim=\dimen186
\g__tblr_cell_head_dim=\dimen187
\g__tblr_cell_foot_dim=\dimen188
\l__column_target_dim=\dimen189
\l__tblr_caption_box=\box61
\l__tblr_caption_left_box=\box62
\l__tblr_row_head_box=\box63
\l__tblr_row_foot_box=\box64
\l__tblr_row_head_foot_dim=\dimen190
\tablewidth=\dimen191
\l__tblr_table_firsthead_box=\box65
\l__tblr_table_middlehead_box=\box66
\l__tblr_table_lasthead_box=\box67
\l__tblr_table_firstfoot_box=\box68
\l__tblr_table_middlefoot_box=\box69
\l__tblr_table_lastfoot_box=\box70
\l__tblr_remain_height_dim=\dimen192
\l__tblr_long_from_int=\count433
\l__tblr_long_to_int=\count434
\l__tblr_curr_i_int=\count435
\l__tblr_prev_i_int=\count436
\l__tblr_table_page_int=\count437
\l__tblr_table_head_box=\box71
\l__tblr_table_foot_box=\box72
\l__tblr_table_head_foot_dim=\dimen193
\l__tblr_table_head_body_foot_dim=\dimen194
\l__tblr_table_box=\box73
\l__tblr_table_hlines_box=\box74
\l__tblr_hline_box=\box75
\l__tblr_row_box=\box76
\l__tblr_col_o_wd_dim=\dimen195
\l__tblr_col_b_wd_dim=\dimen196
\l__tblr_hline_leftskip_dim=\dimen197
\l__tblr_hline_rightskip_dim=\dimen198
\l__tblr_row_ht_dim=\dimen199
\l__tblr_row_dp_dim=\dimen256
\l__tblr_row_abovesep_dim=\dimen257
\l__tblr_row_belowsep_dim=\dimen258
\l__tblr_row_vlines_box=\box77
\l__tblr_vline_box=\box78
\l__tblr_cell_box=\box79
\l__row_upper_dim=\dimen259
\l__row_lower_dim=\dimen260
\l__row_vpace_dim=\dimen261
\l__tblr_vline_aboveskip_dim=\dimen262
\l__tblr_vline_belowskip_dim=\dimen263
\l__tblr_cell_wd_dim=\dimen264
\l__tblr_cell_ht_dim=\dimen265
\l__tblr_diag_box=\box80
) (/home/gk99/.miktex/texmfs/install/tex/latex/caption/caption.sty
Package: caption 2023/03/12 v3.6j Customizing captions (AR)
 (/home/gk99/.miktex/texmfs/install/tex/latex/caption/caption3.sty
Package: caption3 2023/03/12 v2.4 caption3 kernel (AR)
\caption@tempdima=\dimen266
\captionmargin=\dimen267
\caption@leftmargin=\dimen268
\caption@rightmargin=\dimen269
\caption@width=\dimen270
\caption@indent=\dimen271
\caption@parindent=\dimen272
\caption@hangindent=\dimen273
Package caption Info: Standard document class detected.
)
\c@caption@flags=\count438
\c@continuedfloat=\count439
Package caption Info: float package is loaded.
Package caption Info: hyperref package is loaded.
) (/home/gk99/.miktex/texmfs/install/tex/latex/tools/tabularx.sty
Package: tabularx 2020/01/15 v2.11c `tabularx' package (DPC)
 (/home/gk99/.miktex/texmfs/install/tex/latex/tools/array.sty
Package: array 2022/09/04 v2.5g Tabular extension package (FMi)
\col@sep=\dimen274
\ar@mcellbox=\box81
\extrarowheight=\dimen275
\NC@list=\toks26
\extratabsurround=\skip78
\backup@length=\skip79
\ar@cellbox=\box82
)
\TX@col@width=\dimen276
\TX@old@table=\dimen277
\TX@old@col=\dimen278
\TX@target=\dimen279
\TX@delta=\dimen280
\TX@cols=\count440
\TX@ftn=\toks27
) (/home/gk99/.miktex/texmfs/install/tex/latex/mathtools/mathtools.sty
Package: mathtools 2022/06/29 v1.29 mathematical typesetting tools
 (/home/gk99/.miktex/texmfs/install/tex/latex/mathtools/mhsetup.sty
Package: mhsetup 2021/03/18 v1.4 programming setup (MH)
) (/home/gk99/.miktex/texmfs/install/tex/latex/amsmath/amsmath.sty
Package: amsmath 2023/05/13 v2.17o AMS math features
\@mathmargin=\skip80

For additional information on amsmath, use the `?' option.
(/home/gk99/.miktex/texmfs/install/tex/latex/amsmath/amstext.sty
Package: amstext 2021/08/26 v2.01 AMS text
 (/home/gk99/.miktex/texmfs/install/tex/latex/amsmath/amsgen.sty
File: amsgen.sty 1999/11/30 v2.0 generic functions
\@emptytoks=\toks28
\ex@=\dimen281
)) (/home/gk99/.miktex/texmfs/install/tex/latex/amsmath/amsbsy.sty
Package: amsbsy 1999/11/29 v1.2d Bold Symbols
\pmbraise@=\dimen282
) (/home/gk99/.miktex/texmfs/install/tex/latex/amsmath/amsopn.sty
Package: amsopn 2022/04/08 v2.04 operator names
)
\inf@bad=\count441
LaTeX Info: Redefining \frac on input line 234.
\uproot@=\count442
\leftroot@=\count443
LaTeX Info: Redefining \overline on input line 399.
LaTeX Info: Redefining \colon on input line 410.
\classnum@=\count444
\DOTSCASE@=\count445
LaTeX Info: Redefining \ldots on input line 496.
LaTeX Info: Redefining \dots on input line 499.
LaTeX Info: Redefining \cdots on input line 620.
\Mathstrutbox@=\box83
\strutbox@=\box84
LaTeX Info: Redefining \big on input line 722.
LaTeX Info: Redefining \Big on input line 723.
LaTeX Info: Redefining \bigg on input line 724.
LaTeX Info: Redefining \Bigg on input line 725.
\big@size=\dimen283
LaTeX Font Info:    Redeclaring font encoding OML on input line 743.
LaTeX Font Info:    Redeclaring font encoding OMS on input line 744.
\macc@depth=\count446
LaTeX Info: Redefining \bmod on input line 905.
LaTeX Info: Redefining \pmod on input line 910.
LaTeX Info: Redefining \smash on input line 940.
LaTeX Info: Redefining \relbar on input line 970.
LaTeX Info: Redefining \Relbar on input line 971.
\c@MaxMatrixCols=\count447
\dotsspace@=\muskip21
\c@parentequation=\count448
\dspbrk@lvl=\count449
\tag@help=\toks29
\row@=\count450
\column@=\count451
\maxfields@=\count452
\andhelp@=\toks30
\eqnshift@=\dimen284
\alignsep@=\dimen285
\tagshift@=\dimen286
\tagwidth@=\dimen287
\totwidth@=\dimen288
\lineht@=\dimen289
\@envbody=\toks31
\multlinegap=\skip81
\multlinetaggap=\skip82
\mathdisplay@stack=\toks32
LaTeX Info: Redefining \[ on input line 2953.
LaTeX Info: Redefining \] on input line 2954.
)
\g_MT_multlinerow_int=\count453
\l_MT_multwidth_dim=\dimen290
\origjot=\skip83
\l_MT_shortvdotswithinadjustabove_dim=\dimen291
\l_MT_shortvdotswithinadjustbelow_dim=\dimen292
\l_MT_above_intertext_sep=\dimen293
\l_MT_below_intertext_sep=\dimen294
\l_MT_above_shortintertext_sep=\dimen295
\l_MT_below_shortintertext_sep=\dimen296
\xmathstrut@box=\box85
\xmathstrut@dim=\dimen297
) (/home/gk99/.miktex/texmfs/install/tex/latex/was/icomma.sty
Package: icomma 2002/03/10 v2.0 (WaS)
) (/home/gk99/.miktex/texmfs/install/tex/latex/listings/listings.sty
\lst@mode=\count454
\lst@gtempboxa=\box86
\lst@token=\toks33
\lst@length=\count455
\lst@currlwidth=\dimen298
\lst@column=\count456
\lst@pos=\count457
\lst@lostspace=\dimen299
\lst@width=\dimen300
\lst@newlines=\count458
\lst@lineno=\count459
\lst@maxwidth=\dimen301
 (/home/gk99/.miktex/texmfs/install/tex/latex/listings/lstmisc.sty
File: lstmisc.sty 2023/02/27 1.9 (Carsten Heinz)
\c@lstnumber=\count460
\lst@skipnumbers=\count461
\lst@framebox=\box87
) (/home/gk99/.miktex/texmfs/install/tex/latex/listings/listings.cfg
File: listings.cfg 2023/02/27 1.9 listings configuration
))
Package: listings 2023/02/27 1.9 (Carsten Heinz)
 (/home/gk99/.miktex/texmfs/install/tex/latex/psnfss/courier.sty
Package: courier 2020/03/25 PSNFSS-v9.3 (WaS) 
)) (config/macros.sty)
Package csquotes Info: Checking for multilingual support...
Package csquotes Info: ... none found.
LaTeX Font Info:    Trying to load font information for T1+phv on input line 4.
 (/home/gk99/.miktex/texmfs/install/tex/latex/psnfss/t1phv.fd
File: t1phv.fd 2020/03/25 scalable font definitions for T1/phv.
) (main.aux (misc/abstract-en.aux) (misc/list-of-symbols.aux) (chapters/introduction.aux) (chapters/01.aux) (chapters/02.aux) (chapters/03.aux) (chapters/example.aux))
\openout1 = `main.aux'.

LaTeX Font Info:    Checking defaults for OML/cmm/m/it on input line 4.
LaTeX Font Info:    ... okay on input line 4.
LaTeX Font Info:    Checking defaults for OMS/cmsy/m/n on input line 4.
LaTeX Font Info:    ... okay on input line 4.
LaTeX Font Info:    Checking defaults for OT1/cmr/m/n on input line 4.
LaTeX Font Info:    ... okay on input line 4.
LaTeX Font Info:    Checking defaults for T1/cmr/m/n on input line 4.
LaTeX Font Info:    ... okay on input line 4.
LaTeX Font Info:    Checking defaults for TS1/cmr/m/n on input line 4.
LaTeX Font Info:    ... okay on input line 4.
LaTeX Font Info:    Checking defaults for OMX/cmex/m/n on input line 4.
LaTeX Font Info:    ... okay on input line 4.
LaTeX Font Info:    Checking defaults for U/cmr/m/n on input line 4.
LaTeX Font Info:    ... okay on input line 4.
LaTeX Font Info:    Checking defaults for PD1/pdf/m/n on input line 4.
LaTeX Font Info:    ... okay on input line 4.
LaTeX Font Info:    Checking defaults for PU/pdf/m/n on input line 4.
LaTeX Font Info:    ... okay on input line 4.

*geometry* driver: auto-detecting
*geometry* detected driver: pdftex
*geometry* verbose mode - [ preamble ] result:
* driver: pdftex
* paper: a4paper
* layout: <same size as paper>
* layoutoffset:(h,v)=(0.0pt,0.0pt)
* modes: twoside 
* h-part:(L,W,R)=(99.58464pt, 426.79135pt, 71.13188pt)
* v-part:(T,H,B)=(71.13188pt, 702.78308pt, 71.13188pt)
* \paperwidth=597.50787pt
* \paperheight=845.04684pt
* \textwidth=426.79135pt
* \textheight=702.78308pt
* \oddsidemargin=27.31465pt
* \evensidemargin=-1.1381pt
* \topmargin=-38.1381pt
* \headheight=12.0pt
* \headsep=25.0pt
* \topskip=10.0pt
* \footskip=30.0pt
* \marginparwidth=121.0pt
* \marginparsep=11.0pt
* \columnsep=10.0pt
* \skip\footins=9.0pt plus 4.0pt minus 2.0pt
* \hoffset=0.0pt
* \voffset=0.0pt
* \mag=1000
* \@twocolumnfalse
* \@twosidetrue
* \@mparswitchtrue
* \@reversemarginfalse
* (1in=72.27pt=25.4mm, 1cm=28.453pt)

Package hyperref Info: Link coloring OFF on input line 4.
(main.out) (main.out)
\@outlinefile=\write4
\openout4 = `main.out'.

Package biblatex Info: Trying to load language 'english'...
Package biblatex Info: ... file 'english.lbx' found.
 (/home/gk99/.miktex/texmfs/install/tex/latex/biblatex/lbx/english.lbx
File: english.lbx 2023/03/05 v3.19 biblatex localization (PK/MW)
)
Package biblatex Info: Input encoding 'utf8' detected.
Package biblatex Info: Automatic encoding selection.
(biblatex)             Assuming data encoding 'utf8'.
\openout3 = `main.bcf'.

Package biblatex Info: Trying to load bibliographic data...
Package biblatex Info: ... file 'main.bbl' found.
 (main.bbl)
Package biblatex Info: Reference section=0 on input line 4.
Package biblatex Info: Reference segment=0 on input line 4.
 (/home/gk99/.miktex/texmfs/install/tex/context/base/mkii/supp-pdf.mkii
[Loading MPS to PDF converter (version 2006.09.02).]
\scratchcounter=\count462
\scratchdimen=\dimen302
\scratchbox=\box88
\nofMPsegments=\count463
\nofMParguments=\count464
\everyMPshowfont=\toks34
\MPscratchCnt=\count465
\MPscratchDim=\dimen303
\MPnumerator=\count466
\makeMPintoPDFobject=\count467
\everyMPtoPDFconversion=\toks35
) (/home/gk99/.miktex/texmfs/install/tex/latex/epstopdf-pkg/epstopdf-base.sty
Package: epstopdf-base 2020-01-24 v2.11 Base part for package epstopdf
Package epstopdf-base Info: Redefining graphics rule for `.eps' on input line 485.
 (/home/gk99/.miktex/texmfs/install/tex/latex/00miktex/epstopdf-sys.cfg
File: epstopdf-sys.cfg 2021/03/18 v2.0 Configuration of epstopdf for MiKTeX
)) (/home/gk99/.miktex/texmfs/install/tex/latex/pdflscape/pdflscape.sty
Package: pdflscape 2022-10-27 v0.13 Display of landscape pages in PDF
 (/home/gk99/.miktex/texmfs/install/tex/latex/pdflscape/pdflscape-nometadata.sty
Package: pdflscape-nometadata 2022-10-28 v0.13 Display of landscape pages in PDF (HO)
 (/home/gk99/.miktex/texmfs/install/tex/latex/graphics/lscape.sty
Package: lscape 2020/05/28 v3.02 Landscape Pages (DPC)
)
Package pdflscape Info: Auto-detected driver: pdftex on input line 81.
)) (/home/gk99/.miktex/texmfs/install/tex/latex/ninecolors/ninecolors.sty
Package: ninecolors 2022-02-13 vv2022D Select colors with proper color contrast
)
Package caption Info: Begin \AtBeginDocument code.
Package caption Info: listings package is loaded.
Package caption Info: End \AtBeginDocument code.
\c@lstlisting=\count468
<pdf/title-page.pdf, id=99, 597.51233pt x 845.0471pt>
File: pdf/title-page.pdf Graphic file (type pdf)
<use pdf/title-page.pdf>
Package pdftex.def Info: pdf/title-page.pdf  used on input line 9.
(pdftex.def)             Requested size: 597.51086pt x 845.04504pt.
File: pdf/title-page.pdf Graphic file (type pdf)
<use pdf/title-page.pdf>
Package pdftex.def Info: pdf/title-page.pdf  used on input line 9.
(pdftex.def)             Requested size: 597.51086pt x 845.04504pt.
<pdf/title-page.pdf, id=102, page=1, 597.51233pt x 845.0471pt>
File: pdf/title-page.pdf Graphic file (type pdf)
<use pdf/title-page.pdf, page 1>
Package pdftex.def Info: pdf/title-page.pdf , page1 used on input line 9.
(pdftex.def)             Requested size: 597.51086pt x 845.04504pt.
File: pdf/title-page.pdf Graphic file (type pdf)
<use pdf/title-page.pdf, page 1>
Package pdftex.def Info: pdf/title-page.pdf , page1 used on input line 9.
(pdftex.def)             Requested size: 597.53821pt x 845.08372pt.
File: pdf/title-page.pdf Graphic file (type pdf)
<use pdf/title-page.pdf, page 1>
Package pdftex.def Info: pdf/title-page.pdf , page1 used on input line 9.
(pdftex.def)             Requested size: 597.53821pt x 845.08372pt.
File: pdf/title-page.pdf Graphic file (type pdf)
<use pdf/title-page.pdf, page 1>
Package pdftex.def Info: pdf/title-page.pdf , page1 used on input line 9.
(pdftex.def)             Requested size: 597.53821pt x 845.08372pt.
File: pdf/title-page.pdf Graphic file (type pdf)
<use pdf/title-page.pdf, page 1>
Package pdftex.def Info: pdf/title-page.pdf , page1 used on input line 9.
(pdftex.def)             Requested size: 597.53821pt x 845.08372pt.
 [1

 <./pdf/title-page.pdf>]
<pdf/author-statement.pdf, id=122, 597.51233pt x 845.0471pt>
File: pdf/author-statement.pdf Graphic file (type pdf)
<use pdf/author-statement.pdf>
Package pdftex.def Info: pdf/author-statement.pdf  used on input line 13.
(pdftex.def)             Requested size: 597.51086pt x 845.04504pt.
File: pdf/author-statement.pdf Graphic file (type pdf)
<use pdf/author-statement.pdf>
Package pdftex.def Info: pdf/author-statement.pdf  used on input line 13.
(pdftex.def)             Requested size: 597.51086pt x 845.04504pt.
<pdf/author-statement.pdf, id=125, page=1, 597.51233pt x 845.0471pt>
File: pdf/author-statement.pdf Graphic file (type pdf)
<use pdf/author-statement.pdf, page 1>
Package pdftex.def Info: pdf/author-statement.pdf , page1 used on input line 13.
(pdftex.def)             Requested size: 597.51086pt x 845.04504pt.
File: pdf/author-statement.pdf Graphic file (type pdf)
<use pdf/author-statement.pdf, page 1>
Package pdftex.def Info: pdf/author-statement.pdf , page1 used on input line 13.
(pdftex.def)             Requested size: 597.53821pt x 845.08372pt.
File: pdf/author-statement.pdf Graphic file (type pdf)
<use pdf/author-statement.pdf, page 1>
Package pdftex.def Info: pdf/author-statement.pdf , page1 used on input line 13.
(pdftex.def)             Requested size: 597.53821pt x 845.08372pt.
File: pdf/author-statement.pdf Graphic file (type pdf)
<use pdf/author-statement.pdf, page 1>
Package pdftex.def Info: pdf/author-statement.pdf , page1 used on input line 13.
(pdftex.def)             Requested size: 597.53821pt x 845.08372pt.

pdfTeX warning (ext4): destination with the same identifier (name{page.}) has been already used, duplicate ignored
<to be read again> 
                   \relax 
l.13 ...ludepdf[pages=-]{pdf/author-statement.pdf}
                                                  
File: pdf/author-statement.pdf Graphic file (type pdf)
<use pdf/author-statement.pdf, page 1>
Package pdftex.def Info: pdf/author-statement.pdf , page1 used on input line 13.
(pdftex.def)             Requested size: 597.53821pt x 845.08372pt.
 [2 <./pdf/author-statement.pdf>]
\openout2 = `misc/abstract-en.aux'.

 (misc/abstract-en.tex
Overfull \hbox (2.19888pt too wide) in paragraph at lines 13--17
\T1/phv/m/n/10 computing, NAS Parallel Benchmark, Linux Perf, Intel RAPL, NVML, PAPI, Internal Power Sensors,
 []

)
pdfTeX warning (ext4): destination with the same identifier (name{page.}) has been already used, duplicate ignored
<to be read again> 
                   \relax 
l.20 \include{misc/abstract-en.tex}
                                    [3


{/home/gk99/.miktex/texmfs/data/fonts/map/pdftex/pdftex.map}{/home/gk99/.miktex/texmfs/install/fonts/enc/dvips/base/8r.enc}] (main.toc)
\tf@toc=\write5
\openout5 = `main.toc'.

 [1



]
\openout2 = `misc/list-of-symbols.aux'.

 (misc/list-of-symbols.tex
> Step: init table outer spec.
> Step: parse table options.
> Step: split table.
> Step: init table inner spec.
> Step: parse table inner spec.
> Step: execute table commands.
> Step: calculate cell and line sizes.
> Step: build the whole table.
) [2


]
\openout2 = `chapters/introduction.aux'.

 (chapters/introduction.tex

LaTeX Warning: Citation 'Energy_Consumption_of_ICT' on page 3 undefined on input line 7.


LaTeX Warning: Citation 'Data_Centre_Energy_Consumption' on page 3 undefined on input line 10.


Overfull \hbox (45.5234pt too wide) in paragraph at lines 3--17
\T1/phv/m/n/10 cloud computing and the rapid growth of the use of Internet services [[]].
 []


LaTeX Warning: Citation 'Software_Methods_of_Energy_Efficiency' on page 3 undefined on input line 21.


LaTeX Warning: Citation 'Parallel_Apps_Power_Capping_Czarnul' on page 3 undefined on input line 25.


Overfull \hbox (113.59291pt too wide) in paragraph at lines 18--31
\T1/phv/m/n/10 involve the kernels optimizations and using the energy methods of computing [[]].
 []


Overfull \hbox (104.05293pt too wide) in paragraph at lines 18--31
\T1/phv/m/n/10 methods of increasing computational efficiency are related to power-capping [[]].
 []


LaTeX Warning: Citation 'RAPL_Reporting' on page 3 undefined on input line 36.


LaTeX Warning: Citation 'NVML' on page 3 undefined on input line 37.


LaTeX Warning: Citation 'Yokogawa_Producent_Page' on page 3 undefined on input line 44.


LaTeX Warning: Citation 'Yokogawa_Meter_Series_Specifications' on page 3 undefined on input line 45.

)
Overfull \hbox (9.55339pt too wide) in paragraph at lines 32--30
\T1/phv/m/n/10 On the GPU side, NVIDIA provides the NVIDIA Management Library (NVML) [[]]. Unfortunately,
 []


Overfull \hbox (136.78319pt too wide) in paragraph at lines 32--30
\T1/phv/m/n/10 measurement tool is used - the Yokogawa WT310E [[]]  [[]].
 []

[3




]
\openout2 = `chapters/01.aux'.

 (chapters/01.tex
Chapter 1.
LaTeX Font Info:    Font shape `T1/phv/b/it' in size <10> not available
(Font)              Font shape `T1/phv/b/sl' tried instead on input line 3.

LaTeX Warning: Citation 'NPB' on page 4 undefined on input line 56.


LaTeX Warning: Citation 'NASA_Advanced_Supercomputing' on page 4 undefined on input line 56.


Overfull \hbox (12.29384pt too wide) in paragraph at lines 52--64
\T1/phv/m/n/10 applications for this task are NAS Parallel Benchmarks [[]] [[]]
 []

) [4




]
\openout2 = `chapters/02.aux'.

 (chapters/02.tex
Chapter 2.
LaTeX Font Info:    Font shape `T1/phv/m/it' in size <10> not available
(Font)              Font shape `T1/phv/m/sl' tried instead on input line 5.

LaTeX Warning: Citation 'Power_Management_on_Intel_Microprocessor' on page 5 undefined on input line 8.


LaTeX Warning: Citation 'RAPL_Power_Estimation_and_Capping' on page 5 undefined on input line 9.

LaTeX Font Info:    Trying to load font information for TS1+phv on input line 19.
(/home/gk99/.miktex/texmfs/install/tex/latex/psnfss/ts1phv.fd
File: ts1phv.fd 2020/03/25 scalable font definitions for TS1/phv.
)
Overfull \hbox (2.93373pt too wide) in paragraph at lines 7--21
[]\T1/phv/m/n/10 Intel RAPL (Running Average Power Limit)  [[]]
 []


Overfull \hbox (19.83315pt too wide) in paragraph at lines 47--54
[]\T1/phv/m/n/10 There are various techniques of computing the energy consumption using the NVIDIA Management
 []


Overfull \hbox (4.67593pt too wide) in paragraph at lines 47--54
\T1/phv/m/n/10 Library, which query the onboard sensors and read the power usage of the device. Such techniques
 []


Overfull \hbox (6.29292pt too wide) in paragraph at lines 47--54
\T1/phv/m/n/10 Synchronized Monitoring (MTSM) or from CUDA component and it's called Performance Application
 []


Overfull \hbox (3.5629pt too wide) in paragraph at lines 65--83
[]\T1/phv/m/n/10 Performance Application Programming Interface (PAPI) provides an API to access the hardware
 []


Overfull \hbox (12.61314pt too wide) in paragraph at lines 65--83
\T1/phv/m/n/10 in different profiling and tracing tools. PAPI can work as a high-level wrapper for different components.
 []


Overfull \hbox (61.79504pt too wide) in paragraph at lines 65--83
\T1/phv/m/n/10 component implemented in PAPI uses the function, getPowerUsage() which query nvmlDeviceGetPowerUsage()
 []

[5




]

LaTeX Warning: Citation 'GitHub_intel/yoko-tool' on page 6 undefined on input line 126.

[6]

LaTeX Warning: Citation 'NPB-CPP' on page 7 undefined on input line 165.


LaTeX Warning: Citation 'NPB-CUDA_1' on page 7 undefined on input line 179.


LaTeX Warning: Citation 'NPB-CUDA_2' on page 7 undefined on input line 179.

) [7]
\openout2 = `chapters/03.aux'.

 (chapters/03.tex
Chapter 3.

Overfull \hbox (32.40839pt too wide) in paragraph at lines 6--6
|[]\T1/phv/b/sl/10 "A COMPARATIVE STUDY OF METHODS FOR MEASUREMENT OF ENERGY OF COMPUTING"| 
 []


LaTeX Warning: Citation 'State_of_the_Art_Article_1' on page 8 undefined on input line 8.

[8




]
Overfull \hbox (2.00505pt too wide) in paragraph at lines 77--86
[]\T1/phv/m/n/10 In the first set of experiments, the FFTW and MKL-FFT energy consumption has been explored,
 []


Overfull \hbox (14.99754pt too wide) in paragraph at lines 87--98
[]\T1/phv/m/n/10 Second set of tests was conducted using OpenBLAS DGEMM. Executions were, again, performed
 []


LaTeX Warning: Citation 'Implementation_for_Accelerator_Kernels' on page 9 undefined on input line 131.


LaTeX Warning: Citation 'NVML_Reference_Manual' on page 9 undefined on input line 135.


Overfull \hbox (62.98546pt too wide) in paragraph at lines 129--153
\T1/phv/m/n/10 sensors on NVIDIA GPUs, the dedicated libraries were used, called NVIDIA NVML  [[]]
 []

[9]
Overfull \hbox (27.96837pt too wide) in paragraph at lines 173--187
\T1/phv/m/n/10 measurements using sensors and HCLWattsUp can be reduced using calibration, which is, nevertheless,
 []


Overfull \hbox (4.64153pt too wide) in paragraph at lines 173--187
\T1/phv/m/n/10 2D and MKL FFT 2D),which means that data transfers (between CPU host-core and an accelerator)
 []


Overfull \hbox (12.71075pt too wide) in paragraph at lines 190--190
|[]\T1/phv/b/sl/10 "VERIFIED INSTRUCTION-LEVEL ENERGY CONSUMPTION MEASUREMENT FOR NVIDIA
 []


LaTeX Warning: Citation 'State_of_the_Art_Article_2' on page 10 undefined on input line 192.


Underfull \vbox (badness 1490) has occurred while \output is active []

 [10]
Overfull \hbox (40.70271pt too wide) in paragraph at lines 260--284
[]\T1/phv/m/n/10 The experiment has been conducted for four NVIDIA GPUs from four different generations/architectures:
 []


LaTeX Warning: Citation 'State_of_the_Art_Article_3' on page 11 undefined on input line 288.


Underfull \vbox (badness 10000) has occurred while \output is active []

 [11]
Overfull \hbox (7.49422pt too wide) in paragraph at lines 323--345
[]\T1/phv/m/n/10 Benchmark applications used in this paper solved two different n-body problem implementations.
 []


Overfull \hbox (8.44624pt too wide) in paragraph at lines 323--345
\T1/phv/m/n/10 irregular pointer-chasing memory accesses, and consists of multiple different kernels. Nevertheless,
 []


Overfull \hbox (7.53589pt too wide) in paragraph at lines 346--375
\T1/phv/m/n/10 interface, which returns the power readings in milliwatts. The sampling intervals of the measurement
 []


Underfull \vbox (badness 2237) has occurred while \output is active []

 [12] [13]) [14]
\openout2 = `chapters/example.aux'.

 (chapters/example.tex
Chapter 4.

Overfull \hbox (1.3368pt too wide) in paragraph at lines 6--14
[]\T1/phv/m/n/10 Caªa praca powinna skªada¢ si¦ z rodziaªów \T1/phv/m/sl/10 chapters\T1/phv/m/n/10 , które dziel¡ si¦ na podrozdziaªy \T1/phv/m/sl/10 sections\T1/phv/m/n/10 .
 []

<figures/przykladowy-rysunek.png, id=241, 395.4775pt x 316.18124pt>
File: figures/przykladowy-rysunek.png Graphic file (type png)
<use figures/przykladowy-rysunek.png>
Package pdftex.def Info: figures/przykladowy-rysunek.png  used on input line 23.
(pdftex.def)             Requested size: 106.69783pt x 85.30252pt.

LaTeX Warning: Citation 'book:latex' on page 15 undefined on input line 25.


LaTeX Warning: Citation 'book:latex' on page 15 undefined on input line 25.

LaTeX Font Info:    Trying to load font information for T1+pcr on input line 32.
(/home/gk99/.miktex/texmfs/install/tex/latex/psnfss/t1pcr.fd
File: t1pcr.fd 2001/06/04 font definitions for T1/pcr.
)
Overfull \hbox (4.69548pt too wide) in paragraph at lines 41--48
\T1/phv/m/n/10 z rysunkiem nale»y umie±ci¢ w folderze \T1/phv/m/sl/10 figures \T1/phv/m/n/10 lub innych skonfigurowanych w preambule. Dobrym
 []

(tables/01_przykladowa-tabela.tex
> Step: init table outer spec.
> Step: parse table options.
> Step: split table.
> Step: init table inner spec.
> Step: parse table inner spec.
> Step: execute table commands.
> Step: calculate cell and line sizes.
> Step: build the whole table.
)

LaTeX Warning: Reference `tbl:etykieta-tabeli' on page 15 undefined on input line 60.

[15




 <./figures/przykladowy-rysunek.png>]

LaTeX Warning: Citation 'book:latex' on page 16 undefined on input line 71.


Overfull \hbox (21.34558pt too wide) in paragraph at lines 67--72
\T1/phv/m/n/10 przy u»yciu \T1/pcr/m/n/10 \cite\T1/phv/m/n/10 . Jako przykªad mo»emy zacytowa¢ wspomnian¡ ju» ksi¡»k¦ o LaTeXu [[]]. 
 []


Overfull \hbox (27.58565pt too wide) in paragraph at lines 75--81
[]\T1/phv/m/n/10 Równania najpro±ciej definiowa¢ jest przy pomocy wbudowanego w LateXa ±rodowiska \T1/pcr/m/n/10 \equation\T1/phv/m/n/10 ,
 []


Overfull \hbox (2.93741pt too wide) in paragraph at lines 96--100
\T1/phv/m/n/10 narz¦dziem jest do tego ±rodowisko \T1/pcr/m/n/10 \conditions\T1/phv/m/n/10 , którego definicja znajduje si¦ w tym szablonie. 
 []


Overfull \hbox (5.0407pt too wide) in paragraph at lines 118--122
\T1/phv/m/n/10 na tyld¦ ~, ale powinna by¢ ona u»ywana tylko tam, gdzie faktycznie jest potrzebna, czyli w praktyce
 []

) [16] [17]

Package biblatex Warning: Keyword 'Research_Paper' not found on input line 39.


LaTeX Warning: Empty bibliography on input line 39.


Package biblatex Warning: Keyword 'Useful_Link' not found on input line 40.


LaTeX Warning: Empty bibliography on input line 40.

(main.lof)
\tf@lof=\write6
\openout6 = `main.lof'.

 [18



] (main.lot)
\tf@lot=\write7
\openout7 = `main.lot'.

 [19

] (main.aux (misc/abstract-en.aux) (misc/list-of-symbols.aux) (chapters/introduction.aux) (chapters/01.aux) (chapters/02.aux) (chapters/03.aux) (chapters/example.aux))
 ***********
LaTeX2e <2023-06-01> patch level 1
L3 programming layer <2023-06-30>
 ***********


LaTeX Warning: There were undefined references.

Package rerunfilecheck Info: File `main.out' has not changed.
(rerunfilecheck)             Checksum: 36F6119D9C4A52E4BF4F915661AF724C;4482.

Package biblatex Warning: Please (re)run Biber on the file:
(biblatex)                main
(biblatex)                and rerun LaTeX afterwards.

Package logreq Info: Writing requests to 'main.run.xml'.
\openout1 = `main.run.xml'.

 ) 
Here is how much of TeX's memory you used:
 25483 strings out of 477486
 459902 string characters out of 5814354
 1929244 words of memory out of 5000000
 46050 multiletter control sequences out of 15000+600000
 584226 words of font info for 70 fonts, out of 8000000 for 9000
 0 hyphenation exceptions out of 8191
 90i,17n,108p,1184b,1563s stack positions out of 10000i,1000n,20000p,200000b,200000s
</home/gk99/.miktex/texmfs/install/fonts/type1/public/amsfonts/cm/cmmi10.pfb></home/gk99/.miktex/texmfs/install/fonts/type1/public/amsfonts/cm/cmmi7.pfb></home/gk99/.miktex/texmfs/install/fonts/type1/public/amsfonts/cm/cmr10.pfb></home/gk99/.miktex/texmfs/install/fonts/type1/public/amsfonts/cm/cmr7.pfb></home/gk99/.miktex/texmfs/install/fonts/type1/public/amsfonts/cm/cmsy10.pfb></home/gk99/.miktex/texmfs/install/fonts/type1/urw/courier/ucrr8a.pfb></home/gk99/.miktex/texmfs/install/fonts/type1/urw/helvetic/uhvb8a.pfb></home/gk99/.miktex/texmfs/install/fonts/type1/urw/helvetic/uhvbo8a.pfb></home/gk99/.miktex/texmfs/install/fonts/type1/urw/helvetic/uhvr8a.pfb></home/gk99/.miktex/texmfs/install/fonts/type1/urw/helvetic/uhvro8a.pfb>
Output written on main.pdf (22 pages, 542705 bytes).
PDF statistics:
 342 PDF objects out of 1000 (max. 8388607)
 57 named destinations out of 1000 (max. 500000)
 238 words of extra memory for PDF output out of 10000 (max. 10000000)

